c:\users\gameuser\desktop\4thyearproject\project\project\release\vc141.pdb
c:\users\gameuser\desktop\4thyearproject\project\project\release\world.obj
c:\users\gameuser\desktop\4thyearproject\project\project\release\traitmanager.obj
c:\users\gameuser\desktop\4thyearproject\project\project\release\soundmanager.obj
c:\users\gameuser\desktop\4thyearproject\project\project\release\player.obj
c:\users\gameuser\desktop\4thyearproject\project\project\release\npc.obj
c:\users\gameuser\desktop\4thyearproject\project\project\release\menu.obj
c:\users\gameuser\desktop\4thyearproject\project\project\release\main.obj
c:\users\gameuser\desktop\4thyearproject\project\project\release\jsonvalue.obj
c:\users\gameuser\desktop\4thyearproject\project\project\release\json.obj
c:\users\gameuser\desktop\4thyearproject\project\project\release\jsonreader.obj
c:\users\gameuser\desktop\4thyearproject\project\project\release\inputmanager.obj
c:\users\gameuser\desktop\4thyearproject\project\project\release\dialoguemanager.obj
c:\users\gameuser\desktop\4thyearproject\project\project\release\barchart.obj
c:\users\gameuser\desktop\4thyearproject\project\release\project.ipdb
c:\users\gameuser\desktop\4thyearproject\project\release\project.iobj
c:\users\gameuser\desktop\4thyearproject\project\release\project.pdb
c:\users\gameuser\desktop\4thyearproject\project\release\project.exe
c:\users\gameuser\desktop\4thyearproject\project\project\release\project.tlog\cl.command.1.tlog
c:\users\gameuser\desktop\4thyearproject\project\project\release\project.tlog\cl.read.1.tlog
c:\users\gameuser\desktop\4thyearproject\project\project\release\project.tlog\cl.write.1.tlog
c:\users\gameuser\desktop\4thyearproject\project\project\release\project.tlog\link.command.1.tlog
c:\users\gameuser\desktop\4thyearproject\project\project\release\project.tlog\link.read.1.tlog
c:\users\gameuser\desktop\4thyearproject\project\project\release\project.tlog\link.write.1.tlog
c:\users\gameuser\desktop\4thyearproject\project\project\release\project.tlog\project.write.1u.tlog
