c:\users\gameuser\desktop\project\project\project\debug\vc141.pdb
c:\users\gameuser\desktop\project\project\project\debug\vc141.idb
c:\users\gameuser\desktop\project\project\project\debug\dialogue.obj
c:\users\gameuser\desktop\project\project\project\debug\dialoguemanager.obj
c:\users\gameuser\desktop\project\project\project\debug\inputmanager.obj
c:\users\gameuser\desktop\project\project\project\debug\jsonreader.obj
c:\users\gameuser\desktop\project\project\project\debug\json.obj
c:\users\gameuser\desktop\project\project\project\debug\jsonvalue.obj
c:\users\gameuser\desktop\project\project\project\debug\main.obj
c:\users\gameuser\desktop\project\project\project\debug\npc.obj
c:\users\gameuser\desktop\project\project\project\debug\player.obj
c:\users\gameuser\desktop\project\project\project\debug\sprite.obj
c:\users\gameuser\desktop\project\project\project\debug\traitmanager.obj
c:\users\gameuser\desktop\project\project\project\debug\world.obj
c:\users\gameuser\desktop\project\project\project\debug\soundmanager.obj
c:\users\gameuser\desktop\project\project\project\debug\menu.obj
c:\users\gameuser\desktop\project\project\debug\project.ilk
c:\users\gameuser\desktop\project\project\debug\project.exe
c:\users\gameuser\desktop\project\project\debug\project.pdb
c:\users\gameuser\desktop\project\project\project\debug\project.tlog\cl.command.1.tlog
c:\users\gameuser\desktop\project\project\project\debug\project.tlog\cl.read.1.tlog
c:\users\gameuser\desktop\project\project\project\debug\project.tlog\cl.write.1.tlog
c:\users\gameuser\desktop\project\project\project\debug\project.tlog\link.command.1.tlog
c:\users\gameuser\desktop\project\project\project\debug\project.tlog\link.read.1.tlog
c:\users\gameuser\desktop\project\project\project\debug\project.tlog\link.write.1.tlog
